{"name":"hexo","hostname":"DESKTOP-7N5RBNR","pid":9816,"level":20,"msg":"Hexo version: \u001b[35m3.2.0\u001b[39m","time":"2016-05-29T09:46:42.951Z","v":0}
{"name":"hexo","hostname":"DESKTOP-7N5RBNR","pid":9816,"level":20,"msg":"Working directory: \u001b[35mG:\\boke\\\u001b[39m","time":"2016-05-29T09:46:42.957Z","v":0}
{"name":"hexo","hostname":"DESKTOP-7N5RBNR","pid":9816,"level":20,"msg":"Config loaded: \u001b[35mG:\\boke\\_config.yml\u001b[39m","time":"2016-05-29T09:46:43.193Z","v":0}
{"name":"hexo","hostname":"DESKTOP-7N5RBNR","pid":9816,"level":20,"msg":"Plugin loaded: \u001b[35mhexo-deployer-git\u001b[39m","time":"2016-05-29T09:46:43.222Z","v":0}
{"name":"hexo","hostname":"DESKTOP-7N5RBNR","pid":9816,"level":20,"msg":"Plugin loaded: \u001b[35mhexo-generator-category\u001b[39m","time":"2016-05-29T09:46:43.231Z","v":0}
{"name":"hexo","hostname":"DESKTOP-7N5RBNR","pid":9816,"level":20,"msg":"Plugin loaded: \u001b[35mhexo-generator-archive\u001b[39m","time":"2016-05-29T09:46:43.237Z","v":0}
{"name":"hexo","hostname":"DESKTOP-7N5RBNR","pid":9816,"level":20,"msg":"Plugin loaded: \u001b[35mhexo-generator-index\u001b[39m","time":"2016-05-29T09:46:43.247Z","v":0}
{"name":"hexo","hostname":"DESKTOP-7N5RBNR","pid":9816,"level":20,"msg":"Plugin loaded: \u001b[35mhexo-generator-tag\u001b[39m","time":"2016-05-29T09:46:43.251Z","v":0}
{"name":"hexo","hostname":"DESKTOP-7N5RBNR","pid":9816,"level":20,"msg":"Plugin loaded: \u001b[35mhexo-renderer-marked\u001b[39m","time":"2016-05-29T09:46:43.263Z","v":0}
{"name":"hexo","hostname":"DESKTOP-7N5RBNR","pid":9816,"level":20,"msg":"Plugin loaded: \u001b[35mhexo-renderer-ejs\u001b[39m","time":"2016-05-29T09:46:43.271Z","v":0}
{"name":"hexo","hostname":"DESKTOP-7N5RBNR","pid":9816,"level":20,"msg":"Plugin loaded: \u001b[35mhexo-renderer-stylus\u001b[39m","time":"2016-05-29T09:46:43.275Z","v":0}
{"name":"hexo","hostname":"DESKTOP-7N5RBNR","pid":9816,"level":20,"msg":"Plugin loaded: \u001b[35mhexo-server\u001b[39m","time":"2016-05-29T09:46:43.385Z","v":0}
{"name":"hexo","hostname":"DESKTOP-7N5RBNR","pid":9816,"level":20,"msg":"Script loaded: \u001b[35mthemes\\next\\scripts\\merge-configs.js\u001b[39m","time":"2016-05-29T09:46:43.387Z","v":0}
{"name":"hexo","hostname":"DESKTOP-7N5RBNR","pid":9816,"level":20,"msg":"Script loaded: \u001b[35mthemes\\next\\scripts\\tags\\center-quote.js\u001b[39m","time":"2016-05-29T09:46:43.389Z","v":0}
{"name":"hexo","hostname":"DESKTOP-7N5RBNR","pid":9816,"level":20,"msg":"Script loaded: \u001b[35mthemes\\next\\scripts\\tags\\full-image.js\u001b[39m","time":"2016-05-29T09:46:43.390Z","v":0}
{"name":"hexo","hostname":"DESKTOP-7N5RBNR","pid":9816,"level":20,"msg":"Script loaded: \u001b[35mthemes\\next\\scripts\\tags\\group-pictures.js\u001b[39m","time":"2016-05-29T09:46:43.394Z","v":0}
{"name":"hexo","hostname":"DESKTOP-7N5RBNR","pid":9816,"level":20,"msg":"Loading database.","time":"2016-05-29T09:46:43.409Z","v":0}
{"name":"hexo","hostname":"DESKTOP-7N5RBNR","pid":9816,"level":30,"msg":"Start processing","time":"2016-05-29T09:46:43.420Z","v":0}
{"name":"hexo","hostname":"DESKTOP-7N5RBNR","pid":9816,"level":20,"msg":"Theme config loaded.","time":"2016-05-29T09:46:43.585Z","v":0}
{"name":"hexo","hostname":"DESKTOP-7N5RBNR","pid":9816,"level":20,"msg":"Processed: \u001b[35m_config.yml\u001b[39m","time":"2016-05-29T09:46:43.586Z","v":0}
{"name":"hexo","hostname":"DESKTOP-7N5RBNR","pid":9816,"level":20,"msg":"Processed: \u001b[35msource/css/main.styl\u001b[39m","time":"2016-05-29T09:46:43.617Z","v":0}
{"name":"hexo","hostname":"DESKTOP-7N5RBNR","pid":9816,"level":20,"msg":"Processed: \u001b[35msource/images/avatar.gif\u001b[39m","time":"2016-05-29T09:46:43.618Z","v":0}
{"name":"hexo","hostname":"DESKTOP-7N5RBNR","pid":9816,"level":20,"msg":"Processed: \u001b[35msource/images/cc-by-nc-nd.svg\u001b[39m","time":"2016-05-29T09:46:43.620Z","v":0}
{"name":"hexo","hostname":"DESKTOP-7N5RBNR","pid":9816,"level":20,"msg":"Processed: \u001b[35msource/images/cc-by-nc-sa.svg\u001b[39m","time":"2016-05-29T09:46:43.623Z","v":0}
{"name":"hexo","hostname":"DESKTOP-7N5RBNR","pid":9816,"level":20,"msg":"Processed: \u001b[35msource/images/cc-by-nc.svg\u001b[39m","time":"2016-05-29T09:46:43.625Z","v":0}
{"name":"hexo","hostname":"DESKTOP-7N5RBNR","pid":9816,"level":20,"msg":"Processed: \u001b[35msource/images/cc-by-nd.svg\u001b[39m","time":"2016-05-29T09:46:43.627Z","v":0}
{"name":"hexo","hostname":"DESKTOP-7N5RBNR","pid":9816,"level":20,"msg":"Processed: \u001b[35msource/images/cc-by-sa.svg\u001b[39m","time":"2016-05-29T09:46:43.630Z","v":0}
{"name":"hexo","hostname":"DESKTOP-7N5RBNR","pid":9816,"level":20,"msg":"Processed: \u001b[35msource/images/cc-by.svg\u001b[39m","time":"2016-05-29T09:46:43.632Z","v":0}
{"name":"hexo","hostname":"DESKTOP-7N5RBNR","pid":9816,"level":20,"msg":"Processed: \u001b[35msource/images/cc-zero.svg\u001b[39m","time":"2016-05-29T09:46:43.635Z","v":0}
{"name":"hexo","hostname":"DESKTOP-7N5RBNR","pid":9816,"level":20,"msg":"Processed: \u001b[35msource/images/loading.gif\u001b[39m","time":"2016-05-29T09:46:43.638Z","v":0}
{"name":"hexo","hostname":"DESKTOP-7N5RBNR","pid":9816,"level":20,"msg":"Processed: \u001b[35msource/images/placeholder.gif\u001b[39m","time":"2016-05-29T09:46:43.640Z","v":0}
{"name":"hexo","hostname":"DESKTOP-7N5RBNR","pid":9816,"level":20,"msg":"Processed: \u001b[35msource/images/quote-l.svg\u001b[39m","time":"2016-05-29T09:46:43.643Z","v":0}
{"name":"hexo","hostname":"DESKTOP-7N5RBNR","pid":9816,"level":20,"msg":"Processed: \u001b[35msource/images/quote-r.svg\u001b[39m","time":"2016-05-29T09:46:43.645Z","v":0}
{"name":"hexo","hostname":"DESKTOP-7N5RBNR","pid":9816,"level":20,"msg":"Processed: \u001b[35msource/images/searchicon.png\u001b[39m","time":"2016-05-29T09:46:43.648Z","v":0}
{"name":"hexo","hostname":"DESKTOP-7N5RBNR","pid":9816,"level":20,"msg":"Processed: \u001b[35mdsf/index.md\u001b[39m","time":"2016-05-29T09:46:43.710Z","v":0}
{"name":"hexo","hostname":"DESKTOP-7N5RBNR","pid":9816,"level":20,"msg":"Processed: \u001b[35mlanguages/de.yml\u001b[39m","time":"2016-05-29T09:46:43.711Z","v":0}
{"name":"hexo","hostname":"DESKTOP-7N5RBNR","pid":9816,"level":20,"msg":"Processed: \u001b[35mlanguages/default.yml\u001b[39m","time":"2016-05-29T09:46:43.712Z","v":0}
{"name":"hexo","hostname":"DESKTOP-7N5RBNR","pid":9816,"level":20,"msg":"Processed: \u001b[35mlanguages/en.yml\u001b[39m","time":"2016-05-29T09:46:43.714Z","v":0}
{"name":"hexo","hostname":"DESKTOP-7N5RBNR","pid":9816,"level":20,"msg":"Processed: \u001b[35mlanguages/id.yml\u001b[39m","time":"2016-05-29T09:46:43.717Z","v":0}
{"name":"hexo","hostname":"DESKTOP-7N5RBNR","pid":9816,"level":20,"msg":"Processed: \u001b[35mlanguages/fr-FR.yml\u001b[39m","time":"2016-05-29T09:46:43.719Z","v":0}
{"name":"hexo","hostname":"DESKTOP-7N5RBNR","pid":9816,"level":20,"msg":"Processed: \u001b[35mlanguages/ja.yml\u001b[39m","time":"2016-05-29T09:46:43.722Z","v":0}
{"name":"hexo","hostname":"DESKTOP-7N5RBNR","pid":9816,"level":20,"msg":"Processed: \u001b[35mlanguages/pt.yml\u001b[39m","time":"2016-05-29T09:46:43.724Z","v":0}
{"name":"hexo","hostname":"DESKTOP-7N5RBNR","pid":9816,"level":20,"msg":"Processed: \u001b[35mlanguages/ru.yml\u001b[39m","time":"2016-05-29T09:46:43.727Z","v":0}
{"name":"hexo","hostname":"DESKTOP-7N5RBNR","pid":9816,"level":20,"msg":"Processed: \u001b[35m_posts/xinwenzhang.md\u001b[39m","time":"2016-05-29T09:46:43.731Z","v":0}
{"name":"hexo","hostname":"DESKTOP-7N5RBNR","pid":9816,"level":20,"msg":"Processed: \u001b[35m_posts/hello-world.md\u001b[39m","time":"2016-05-29T09:46:43.736Z","v":0}
{"name":"hexo","hostname":"DESKTOP-7N5RBNR","pid":9816,"level":20,"msg":"Processed: \u001b[35m_posts/sfafdsf.md\u001b[39m","time":"2016-05-29T09:46:43.738Z","v":0}
{"name":"hexo","hostname":"DESKTOP-7N5RBNR","pid":9816,"level":20,"msg":"Processed: \u001b[35mlayout/archive.swig\u001b[39m","time":"2016-05-29T09:46:44.832Z","v":0}
{"name":"hexo","hostname":"DESKTOP-7N5RBNR","pid":9816,"level":20,"msg":"Processed: \u001b[35mlayout/_layout.swig\u001b[39m","time":"2016-05-29T09:46:44.834Z","v":0}
{"name":"hexo","hostname":"DESKTOP-7N5RBNR","pid":9816,"level":20,"msg":"Processed: \u001b[35mlayout/category.swig\u001b[39m","time":"2016-05-29T09:46:44.841Z","v":0}
{"name":"hexo","hostname":"DESKTOP-7N5RBNR","pid":9816,"level":20,"msg":"Processed: \u001b[35mlayout/index.swig\u001b[39m","time":"2016-05-29T09:46:44.844Z","v":0}
{"name":"hexo","hostname":"DESKTOP-7N5RBNR","pid":9816,"level":20,"msg":"Processed: \u001b[35mlayout/page.swig\u001b[39m","time":"2016-05-29T09:46:44.846Z","v":0}
{"name":"hexo","hostname":"DESKTOP-7N5RBNR","pid":9816,"level":20,"msg":"Processed: \u001b[35mlayout/post.swig\u001b[39m","time":"2016-05-29T09:46:44.849Z","v":0}
{"name":"hexo","hostname":"DESKTOP-7N5RBNR","pid":9816,"level":20,"msg":"Processed: \u001b[35mlayout/tag.swig\u001b[39m","time":"2016-05-29T09:46:44.851Z","v":0}
{"name":"hexo","hostname":"DESKTOP-7N5RBNR","pid":9816,"level":20,"msg":"Processed: \u001b[35mlanguages/zh-Hans.yml\u001b[39m","time":"2016-05-29T09:46:44.858Z","v":0}
{"name":"hexo","hostname":"DESKTOP-7N5RBNR","pid":9816,"level":20,"msg":"Processed: \u001b[35mlanguages/zh-hk.yml\u001b[39m","time":"2016-05-29T09:46:44.859Z","v":0}
{"name":"hexo","hostname":"DESKTOP-7N5RBNR","pid":9816,"level":20,"msg":"Processed: \u001b[35mlanguages/zh-tw.yml\u001b[39m","time":"2016-05-29T09:46:44.861Z","v":0}
{"name":"hexo","hostname":"DESKTOP-7N5RBNR","pid":9816,"level":20,"msg":"Processed: \u001b[35msource/js/src/affix.js\u001b[39m","time":"2016-05-29T09:46:44.893Z","v":0}
{"name":"hexo","hostname":"DESKTOP-7N5RBNR","pid":9816,"level":20,"msg":"Processed: \u001b[35msource/js/src/bootstrap.js\u001b[39m","time":"2016-05-29T09:46:44.897Z","v":0}
{"name":"hexo","hostname":"DESKTOP-7N5RBNR","pid":9816,"level":20,"msg":"Processed: \u001b[35msource/js/src/hook-duoshuo.js\u001b[39m","time":"2016-05-29T09:46:44.900Z","v":0}
{"name":"hexo","hostname":"DESKTOP-7N5RBNR","pid":9816,"level":20,"msg":"Processed: \u001b[35msource/js/src/motion.js\u001b[39m","time":"2016-05-29T09:46:44.903Z","v":0}
{"name":"hexo","hostname":"DESKTOP-7N5RBNR","pid":9816,"level":20,"msg":"Processed: \u001b[35msource/js/src/post-details.js\u001b[39m","time":"2016-05-29T09:46:44.905Z","v":0}
{"name":"hexo","hostname":"DESKTOP-7N5RBNR","pid":9816,"level":20,"msg":"Processed: \u001b[35msource/js/src/scrollspy.js\u001b[39m","time":"2016-05-29T09:46:44.907Z","v":0}
{"name":"hexo","hostname":"DESKTOP-7N5RBNR","pid":9816,"level":20,"msg":"Processed: \u001b[35msource/js/src/utils.js\u001b[39m","time":"2016-05-29T09:46:44.908Z","v":0}
{"name":"hexo","hostname":"DESKTOP-7N5RBNR","pid":9816,"level":20,"msg":"Processed: \u001b[35msource/vendors/fastclick/LICENSE\u001b[39m","time":"2016-05-29T09:46:44.915Z","v":0}
{"name":"hexo","hostname":"DESKTOP-7N5RBNR","pid":9816,"level":20,"msg":"Processed: \u001b[35msource/vendors/fastclick/README.md\u001b[39m","time":"2016-05-29T09:46:44.917Z","v":0}
{"name":"hexo","hostname":"DESKTOP-7N5RBNR","pid":9816,"level":20,"msg":"Processed: \u001b[35msource/vendors/fastclick/bower.json\u001b[39m","time":"2016-05-29T09:46:44.920Z","v":0}
{"name":"hexo","hostname":"DESKTOP-7N5RBNR","pid":9816,"level":20,"msg":"Processed: \u001b[35msource/vendors/font-awesome/HELP-US-OUT.txt\u001b[39m","time":"2016-05-29T09:46:44.924Z","v":0}
{"name":"hexo","hostname":"DESKTOP-7N5RBNR","pid":9816,"level":20,"msg":"Processed: \u001b[35msource/vendors/font-awesome/bower.json\u001b[39m","time":"2016-05-29T09:46:44.926Z","v":0}
{"name":"hexo","hostname":"DESKTOP-7N5RBNR","pid":9816,"level":20,"msg":"Processed: \u001b[35msource/vendors/jquery_lazyload/CONTRIBUTING.md\u001b[39m","time":"2016-05-29T09:46:44.931Z","v":0}
{"name":"hexo","hostname":"DESKTOP-7N5RBNR","pid":9816,"level":20,"msg":"Processed: \u001b[35msource/vendors/jquery_lazyload/README.md\u001b[39m","time":"2016-05-29T09:46:44.932Z","v":0}
{"name":"hexo","hostname":"DESKTOP-7N5RBNR","pid":9816,"level":20,"msg":"Processed: \u001b[35msource/vendors/jquery_lazyload/bower.json\u001b[39m","time":"2016-05-29T09:46:44.936Z","v":0}
{"name":"hexo","hostname":"DESKTOP-7N5RBNR","pid":9816,"level":20,"msg":"Processed: \u001b[35msource/vendors/jquery_lazyload/jquery.lazyload.js\u001b[39m","time":"2016-05-29T09:46:44.938Z","v":0}
{"name":"hexo","hostname":"DESKTOP-7N5RBNR","pid":9816,"level":20,"msg":"Processed: \u001b[35msource/vendors/jquery_lazyload/jquery.scrollstop.js\u001b[39m","time":"2016-05-29T09:46:44.939Z","v":0}
{"name":"hexo","hostname":"DESKTOP-7N5RBNR","pid":9816,"level":20,"msg":"Processed: \u001b[35msource/vendors/velocity/bower.json\u001b[39m","time":"2016-05-29T09:46:44.942Z","v":0}
{"name":"hexo","hostname":"DESKTOP-7N5RBNR","pid":9816,"level":20,"msg":"Processed: \u001b[35msource/vendors/velocity/velocity.min.js\u001b[39m","time":"2016-05-29T09:46:44.944Z","v":0}
{"name":"hexo","hostname":"DESKTOP-7N5RBNR","pid":9816,"level":20,"msg":"Processed: \u001b[35msource/vendors/velocity/velocity.ui.js\u001b[39m","time":"2016-05-29T09:46:44.947Z","v":0}
{"name":"hexo","hostname":"DESKTOP-7N5RBNR","pid":9816,"level":20,"msg":"Processed: \u001b[35msource/vendors/velocity/velocity.ui.min.js\u001b[39m","time":"2016-05-29T09:46:44.949Z","v":0}
{"name":"hexo","hostname":"DESKTOP-7N5RBNR","pid":9816,"level":20,"msg":"Processed: \u001b[35msource/vendors/jquery/index.js\u001b[39m","time":"2016-05-29T09:46:44.991Z","v":0}
{"name":"hexo","hostname":"DESKTOP-7N5RBNR","pid":9816,"level":20,"msg":"Processed: \u001b[35mlayout/_macro/reward.swig\u001b[39m","time":"2016-05-29T09:46:45.042Z","v":0}
{"name":"hexo","hostname":"DESKTOP-7N5RBNR","pid":9816,"level":20,"msg":"Processed: \u001b[35mlayout/_macro/post.swig\u001b[39m","time":"2016-05-29T09:46:45.043Z","v":0}
{"name":"hexo","hostname":"DESKTOP-7N5RBNR","pid":9816,"level":20,"msg":"Processed: \u001b[35mlayout/_macro/post-collapse.swig\u001b[39m","time":"2016-05-29T09:46:45.044Z","v":0}
{"name":"hexo","hostname":"DESKTOP-7N5RBNR","pid":9816,"level":20,"msg":"Processed: \u001b[35mlayout/_partials/comments.swig\u001b[39m","time":"2016-05-29T09:46:45.047Z","v":0}
{"name":"hexo","hostname":"DESKTOP-7N5RBNR","pid":9816,"level":20,"msg":"Processed: \u001b[35mlayout/_macro/wechat-subscriber.swig\u001b[39m","time":"2016-05-29T09:46:45.050Z","v":0}
{"name":"hexo","hostname":"DESKTOP-7N5RBNR","pid":9816,"level":20,"msg":"Processed: \u001b[35mlayout/_macro/sidebar.swig\u001b[39m","time":"2016-05-29T09:46:45.052Z","v":0}
{"name":"hexo","hostname":"DESKTOP-7N5RBNR","pid":9816,"level":20,"msg":"Processed: \u001b[35mlayout/_partials/duoshuo-hot-articles.swig\u001b[39m","time":"2016-05-29T09:46:45.054Z","v":0}
{"name":"hexo","hostname":"DESKTOP-7N5RBNR","pid":9816,"level":20,"msg":"Processed: \u001b[35mlayout/_partials/footer.swig\u001b[39m","time":"2016-05-29T09:46:45.057Z","v":0}
{"name":"hexo","hostname":"DESKTOP-7N5RBNR","pid":9816,"level":20,"msg":"Processed: \u001b[35mlayout/_partials/head.swig\u001b[39m","time":"2016-05-29T09:46:45.060Z","v":0}
{"name":"hexo","hostname":"DESKTOP-7N5RBNR","pid":9816,"level":20,"msg":"Processed: \u001b[35mlayout/_partials/header.swig\u001b[39m","time":"2016-05-29T09:46:45.062Z","v":0}
{"name":"hexo","hostname":"DESKTOP-7N5RBNR","pid":9816,"level":20,"msg":"Processed: \u001b[35mlayout/_partials/pagination.swig\u001b[39m","time":"2016-05-29T09:46:45.065Z","v":0}
{"name":"hexo","hostname":"DESKTOP-7N5RBNR","pid":9816,"level":20,"msg":"Processed: \u001b[35mlayout/_partials/search.swig\u001b[39m","time":"2016-05-29T09:46:45.067Z","v":0}
{"name":"hexo","hostname":"DESKTOP-7N5RBNR","pid":9816,"level":20,"msg":"Processed: \u001b[35mlayout/_scripts/baidu-push.swig\u001b[39m","time":"2016-05-29T09:46:45.070Z","v":0}
{"name":"hexo","hostname":"DESKTOP-7N5RBNR","pid":9816,"level":20,"msg":"Processed: \u001b[35mlayout/_scripts/boostrap.swig\u001b[39m","time":"2016-05-29T09:46:45.073Z","v":0}
{"name":"hexo","hostname":"DESKTOP-7N5RBNR","pid":9816,"level":20,"msg":"Processed: \u001b[35mlayout/_scripts/commons.swig\u001b[39m","time":"2016-05-29T09:46:45.075Z","v":0}
{"name":"hexo","hostname":"DESKTOP-7N5RBNR","pid":9816,"level":20,"msg":"Processed: \u001b[35mlayout/_scripts/vendors.swig\u001b[39m","time":"2016-05-29T09:46:45.078Z","v":0}
{"name":"hexo","hostname":"DESKTOP-7N5RBNR","pid":9816,"level":20,"msg":"Processed: \u001b[35msource/js/src/schemes/pisces.js\u001b[39m","time":"2016-05-29T09:46:45.089Z","v":0}
{"name":"hexo","hostname":"DESKTOP-7N5RBNR","pid":9816,"level":20,"msg":"Processed: \u001b[35msource/vendors/fancybox/source/blank.gif\u001b[39m","time":"2016-05-29T09:46:45.091Z","v":0}
{"name":"hexo","hostname":"DESKTOP-7N5RBNR","pid":9816,"level":20,"msg":"Processed: \u001b[35msource/vendors/fancybox/source/fancybox_loading.gif\u001b[39m","time":"2016-05-29T09:46:45.093Z","v":0}
{"name":"hexo","hostname":"DESKTOP-7N5RBNR","pid":9816,"level":20,"msg":"Processed: \u001b[35msource/vendors/fancybox/source/fancybox_loading@2x.gif\u001b[39m","time":"2016-05-29T09:46:45.094Z","v":0}
{"name":"hexo","hostname":"DESKTOP-7N5RBNR","pid":9816,"level":20,"msg":"Processed: \u001b[35msource/vendors/fancybox/source/fancybox_overlay.png\u001b[39m","time":"2016-05-29T09:46:45.097Z","v":0}
{"name":"hexo","hostname":"DESKTOP-7N5RBNR","pid":9816,"level":20,"msg":"Processed: \u001b[35msource/vendors/fancybox/source/fancybox_sprite.png\u001b[39m","time":"2016-05-29T09:46:45.099Z","v":0}
{"name":"hexo","hostname":"DESKTOP-7N5RBNR","pid":9816,"level":20,"msg":"Processed: \u001b[35msource/vendors/fancybox/source/fancybox_sprite@2x.png\u001b[39m","time":"2016-05-29T09:46:45.102Z","v":0}
{"name":"hexo","hostname":"DESKTOP-7N5RBNR","pid":9816,"level":20,"msg":"Processed: \u001b[35msource/vendors/fancybox/source/jquery.fancybox.css\u001b[39m","time":"2016-05-29T09:46:45.104Z","v":0}
{"name":"hexo","hostname":"DESKTOP-7N5RBNR","pid":9816,"level":20,"msg":"Processed: \u001b[35msource/vendors/fancybox/source/jquery.fancybox.js\u001b[39m","time":"2016-05-29T09:46:45.107Z","v":0}
{"name":"hexo","hostname":"DESKTOP-7N5RBNR","pid":9816,"level":20,"msg":"Processed: \u001b[35msource/vendors/fancybox/source/jquery.fancybox.pack.js\u001b[39m","time":"2016-05-29T09:46:45.109Z","v":0}
{"name":"hexo","hostname":"DESKTOP-7N5RBNR","pid":9816,"level":20,"msg":"Processed: \u001b[35msource/vendors/fastclick/lib/fastclick.js\u001b[39m","time":"2016-05-29T09:46:45.113Z","v":0}
{"name":"hexo","hostname":"DESKTOP-7N5RBNR","pid":9816,"level":20,"msg":"Processed: \u001b[35msource/vendors/fastclick/lib/fastclick.min.js\u001b[39m","time":"2016-05-29T09:46:45.115Z","v":0}
{"name":"hexo","hostname":"DESKTOP-7N5RBNR","pid":9816,"level":20,"msg":"Processed: \u001b[35msource/vendors/font-awesome/css/font-awesome.css\u001b[39m","time":"2016-05-29T09:46:45.118Z","v":0}
{"name":"hexo","hostname":"DESKTOP-7N5RBNR","pid":9816,"level":20,"msg":"Processed: \u001b[35msource/vendors/font-awesome/css/font-awesome.css.map\u001b[39m","time":"2016-05-29T09:46:45.120Z","v":0}
{"name":"hexo","hostname":"DESKTOP-7N5RBNR","pid":9816,"level":20,"msg":"Processed: \u001b[35msource/vendors/font-awesome/css/font-awesome.min.css\u001b[39m","time":"2016-05-29T09:46:45.122Z","v":0}
{"name":"hexo","hostname":"DESKTOP-7N5RBNR","pid":9816,"level":20,"msg":"Processed: \u001b[35msource/vendors/font-awesome/fonts/fontawesome-webfont.woff2\u001b[39m","time":"2016-05-29T09:46:45.125Z","v":0}
{"name":"hexo","hostname":"DESKTOP-7N5RBNR","pid":9816,"level":20,"msg":"Processed: \u001b[35msource/vendors/ua-parser-js/dist/ua-parser.min.js\u001b[39m","time":"2016-05-29T09:46:45.127Z","v":0}
{"name":"hexo","hostname":"DESKTOP-7N5RBNR","pid":9816,"level":20,"msg":"Processed: \u001b[35msource/vendors/ua-parser-js/dist/ua-parser.pack.js\u001b[39m","time":"2016-05-29T09:46:45.130Z","v":0}
{"name":"hexo","hostname":"DESKTOP-7N5RBNR","pid":9816,"level":20,"msg":"Processed: \u001b[35mlayout/_scripts/schemes/muse.swig\u001b[39m","time":"2016-05-29T09:46:45.140Z","v":0}
{"name":"hexo","hostname":"DESKTOP-7N5RBNR","pid":9816,"level":20,"msg":"Processed: \u001b[35mlayout/_scripts/schemes/mist.swig\u001b[39m","time":"2016-05-29T09:46:45.141Z","v":0}
{"name":"hexo","hostname":"DESKTOP-7N5RBNR","pid":9816,"level":20,"msg":"Processed: \u001b[35msource/vendors/font-awesome/fonts/FontAwesome.otf\u001b[39m","time":"2016-05-29T09:46:45.143Z","v":0}
{"name":"hexo","hostname":"DESKTOP-7N5RBNR","pid":9816,"level":20,"msg":"Processed: \u001b[35msource/vendors/font-awesome/fonts/fontawesome-webfont.eot\u001b[39m","time":"2016-05-29T09:46:45.146Z","v":0}
{"name":"hexo","hostname":"DESKTOP-7N5RBNR","pid":9816,"level":20,"msg":"Processed: \u001b[35msource/vendors/font-awesome/fonts/fontawesome-webfont.woff\u001b[39m","time":"2016-05-29T09:46:45.148Z","v":0}
{"name":"hexo","hostname":"DESKTOP-7N5RBNR","pid":9816,"level":20,"msg":"Processed: \u001b[35msource/vendors/velocity/velocity.js\u001b[39m","time":"2016-05-29T09:46:45.151Z","v":0}
{"name":"hexo","hostname":"DESKTOP-7N5RBNR","pid":9816,"level":20,"msg":"Processed: \u001b[35mlayout/_partials/head/external-fonts.swig\u001b[39m","time":"2016-05-29T09:46:45.169Z","v":0}
{"name":"hexo","hostname":"DESKTOP-7N5RBNR","pid":9816,"level":20,"msg":"Processed: \u001b[35mlayout/_partials/search/swiftype.swig\u001b[39m","time":"2016-05-29T09:46:45.170Z","v":0}
{"name":"hexo","hostname":"DESKTOP-7N5RBNR","pid":9816,"level":20,"msg":"Processed: \u001b[35mlayout/_partials/search/tinysou.swig\u001b[39m","time":"2016-05-29T09:46:45.172Z","v":0}
{"name":"hexo","hostname":"DESKTOP-7N5RBNR","pid":9816,"level":20,"msg":"Processed: \u001b[35mlayout/_partials/search/localsearch.swig\u001b[39m","time":"2016-05-29T09:46:45.174Z","v":0}
{"name":"hexo","hostname":"DESKTOP-7N5RBNR","pid":9816,"level":20,"msg":"Processed: \u001b[35mlayout/_partials/share/add-this.swig\u001b[39m","time":"2016-05-29T09:46:45.176Z","v":0}
{"name":"hexo","hostname":"DESKTOP-7N5RBNR","pid":9816,"level":20,"msg":"Processed: \u001b[35mlayout/_partials/share/baidushare.swig\u001b[39m","time":"2016-05-29T09:46:45.178Z","v":0}
{"name":"hexo","hostname":"DESKTOP-7N5RBNR","pid":9816,"level":20,"msg":"Processed: \u001b[35mlayout/_partials/share/duoshuo_share.swig\u001b[39m","time":"2016-05-29T09:46:45.181Z","v":0}
{"name":"hexo","hostname":"DESKTOP-7N5RBNR","pid":9816,"level":20,"msg":"Processed: \u001b[35mlayout/_scripts/pages/post-details.swig\u001b[39m","time":"2016-05-29T09:46:45.183Z","v":0}
{"name":"hexo","hostname":"DESKTOP-7N5RBNR","pid":9816,"level":20,"msg":"Processed: \u001b[35mlayout/_partials/share/jiathis.swig\u001b[39m","time":"2016-05-29T09:46:45.185Z","v":0}
{"name":"hexo","hostname":"DESKTOP-7N5RBNR","pid":9816,"level":20,"msg":"Processed: \u001b[35mlayout/_scripts/schemes/pisces.swig\u001b[39m","time":"2016-05-29T09:46:45.188Z","v":0}
{"name":"hexo","hostname":"DESKTOP-7N5RBNR","pid":9816,"level":20,"msg":"Processed: \u001b[35mlayout/_scripts/third-party/analytics.swig\u001b[39m","time":"2016-05-29T09:46:45.190Z","v":0}
{"name":"hexo","hostname":"DESKTOP-7N5RBNR","pid":9816,"level":20,"msg":"Processed: \u001b[35mlayout/_scripts/third-party/comments.swig\u001b[39m","time":"2016-05-29T09:46:45.193Z","v":0}
{"name":"hexo","hostname":"DESKTOP-7N5RBNR","pid":9816,"level":20,"msg":"Processed: \u001b[35mlayout/_scripts/third-party/lean-analytics.swig\u001b[39m","time":"2016-05-29T09:46:45.195Z","v":0}
{"name":"hexo","hostname":"DESKTOP-7N5RBNR","pid":9816,"level":20,"msg":"Processed: \u001b[35mlayout/_scripts/third-party/localsearch.swig\u001b[39m","time":"2016-05-29T09:46:45.198Z","v":0}
{"name":"hexo","hostname":"DESKTOP-7N5RBNR","pid":9816,"level":20,"msg":"Processed: \u001b[35mlayout/_scripts/third-party/mathjax.swig\u001b[39m","time":"2016-05-29T09:46:45.200Z","v":0}
{"name":"hexo","hostname":"DESKTOP-7N5RBNR","pid":9816,"level":20,"msg":"Processed: \u001b[35mlayout/_scripts/third-party/tinysou.swig\u001b[39m","time":"2016-05-29T09:46:45.202Z","v":0}
{"name":"hexo","hostname":"DESKTOP-7N5RBNR","pid":9816,"level":20,"msg":"Processed: \u001b[35msource/vendors/fancybox/source/helpers/jquery.fancybox-buttons.css\u001b[39m","time":"2016-05-29T09:46:45.211Z","v":0}
{"name":"hexo","hostname":"DESKTOP-7N5RBNR","pid":9816,"level":20,"msg":"Processed: \u001b[35msource/vendors/fancybox/source/helpers/fancybox_buttons.png\u001b[39m","time":"2016-05-29T09:46:45.213Z","v":0}
{"name":"hexo","hostname":"DESKTOP-7N5RBNR","pid":9816,"level":20,"msg":"Processed: \u001b[35msource/vendors/fancybox/source/helpers/jquery.fancybox-buttons.js\u001b[39m","time":"2016-05-29T09:46:45.215Z","v":0}
{"name":"hexo","hostname":"DESKTOP-7N5RBNR","pid":9816,"level":20,"msg":"Processed: \u001b[35msource/vendors/fancybox/source/helpers/jquery.fancybox-media.js\u001b[39m","time":"2016-05-29T09:46:45.217Z","v":0}
{"name":"hexo","hostname":"DESKTOP-7N5RBNR","pid":9816,"level":20,"msg":"Processed: \u001b[35msource/vendors/fancybox/source/helpers/jquery.fancybox-thumbs.css\u001b[39m","time":"2016-05-29T09:46:45.218Z","v":0}
{"name":"hexo","hostname":"DESKTOP-7N5RBNR","pid":9816,"level":20,"msg":"Processed: \u001b[35msource/vendors/fancybox/source/helpers/jquery.fancybox-thumbs.js\u001b[39m","time":"2016-05-29T09:46:45.220Z","v":0}
{"name":"hexo","hostname":"DESKTOP-7N5RBNR","pid":9816,"level":20,"msg":"Processed: \u001b[35msource/vendors/font-awesome/fonts/fontawesome-webfont.ttf\u001b[39m","time":"2016-05-29T09:46:45.222Z","v":0}
{"name":"hexo","hostname":"DESKTOP-7N5RBNR","pid":9816,"level":20,"msg":"Processed: \u001b[35mlayout/_scripts/third-party/analytics/busuanzi-counter.swig\u001b[39m","time":"2016-05-29T09:46:45.235Z","v":0}
{"name":"hexo","hostname":"DESKTOP-7N5RBNR","pid":9816,"level":20,"msg":"Processed: \u001b[35mlayout/_scripts/third-party/analytics/baidu-analytics.swig\u001b[39m","time":"2016-05-29T09:46:45.237Z","v":0}
{"name":"hexo","hostname":"DESKTOP-7N5RBNR","pid":9816,"level":20,"msg":"Processed: \u001b[35mlayout/_scripts/third-party/analytics/cnzz-analytics.swig\u001b[39m","time":"2016-05-29T09:46:45.238Z","v":0}
{"name":"hexo","hostname":"DESKTOP-7N5RBNR","pid":9816,"level":20,"msg":"Processed: \u001b[35mlayout/_scripts/third-party/analytics/google-analytics.swig\u001b[39m","time":"2016-05-29T09:46:45.241Z","v":0}
{"name":"hexo","hostname":"DESKTOP-7N5RBNR","pid":9816,"level":20,"msg":"Processed: \u001b[35mlayout/_scripts/third-party/analytics/tencent-analytics.swig\u001b[39m","time":"2016-05-29T09:46:45.243Z","v":0}
{"name":"hexo","hostname":"DESKTOP-7N5RBNR","pid":9816,"level":20,"msg":"Processed: \u001b[35mlayout/_scripts/third-party/analytics/facebook-sdk.swig\u001b[39m","time":"2016-05-29T09:46:45.245Z","v":0}
{"name":"hexo","hostname":"DESKTOP-7N5RBNR","pid":9816,"level":20,"msg":"Processed: \u001b[35mlayout/_scripts/third-party/comments/disqus.swig\u001b[39m","time":"2016-05-29T09:46:45.248Z","v":0}
{"name":"hexo","hostname":"DESKTOP-7N5RBNR","pid":9816,"level":20,"msg":"Processed: \u001b[35mlayout/_scripts/third-party/comments/duoshuo.swig\u001b[39m","time":"2016-05-29T09:46:45.250Z","v":0}
{"name":"hexo","hostname":"DESKTOP-7N5RBNR","pid":9816,"level":20,"msg":"Processed: \u001b[35msource/vendors/font-awesome/fonts/fontawesome-webfont.svg\u001b[39m","time":"2016-05-29T09:46:45.254Z","v":0}
{"name":"hexo","hostname":"DESKTOP-7N5RBNR","pid":9816,"level":20,"msg":"Generator: \u001b[35mpage\u001b[39m","time":"2016-05-29T09:46:45.876Z","v":0}
{"name":"hexo","hostname":"DESKTOP-7N5RBNR","pid":9816,"level":20,"msg":"Generator: \u001b[35mpost\u001b[39m","time":"2016-05-29T09:46:45.877Z","v":0}
{"name":"hexo","hostname":"DESKTOP-7N5RBNR","pid":9816,"level":20,"msg":"Generator: \u001b[35mcategory\u001b[39m","time":"2016-05-29T09:46:45.878Z","v":0}
{"name":"hexo","hostname":"DESKTOP-7N5RBNR","pid":9816,"level":20,"msg":"Generator: \u001b[35marchive\u001b[39m","time":"2016-05-29T09:46:45.881Z","v":0}
{"name":"hexo","hostname":"DESKTOP-7N5RBNR","pid":9816,"level":20,"msg":"Generator: \u001b[35mindex\u001b[39m","time":"2016-05-29T09:46:45.884Z","v":0}
{"name":"hexo","hostname":"DESKTOP-7N5RBNR","pid":9816,"level":20,"msg":"Generator: \u001b[35mtag\u001b[39m","time":"2016-05-29T09:46:45.884Z","v":0}
{"name":"hexo","hostname":"DESKTOP-7N5RBNR","pid":9816,"level":20,"msg":"Generator: \u001b[35masset\u001b[39m","time":"2016-05-29T09:46:45.884Z","v":0}
{"name":"hexo","hostname":"DESKTOP-7N5RBNR","pid":9816,"level":30,"msg":"Hexo is running at \u001b[4mhttp://0.0.0.0:4000/\u001b[24m. Press Ctrl+C to stop.","time":"2016-05-29T09:46:45.902Z","v":0}
{"name":"hexo","hostname":"DESKTOP-7N5RBNR","pid":9816,"level":20,"msg":"Database saved","time":"2016-05-29T09:46:45.933Z","v":0}
{"name":"hexo","hostname":"DESKTOP-7N5RBNR","pid":9816,"level":20,"msg":"Rendering index: \u001b[35mindex.html\u001b[39m","time":"2016-05-29T09:46:56.851Z","v":0}
{"name":"hexo","hostname":"DESKTOP-7N5RBNR","pid":9816,"level":20,"msg":"Theme config loaded.","time":"2016-05-29T10:36:47.327Z","v":0}
{"name":"hexo","hostname":"DESKTOP-7N5RBNR","pid":9816,"level":20,"msg":"Processed: \u001b[35m_config.yml\u001b[39m","time":"2016-05-29T10:36:47.386Z","v":0}
{"name":"hexo","hostname":"DESKTOP-7N5RBNR","pid":9816,"level":20,"msg":"Generator: \u001b[35mpage\u001b[39m","time":"2016-05-29T10:36:47.578Z","v":0}
{"name":"hexo","hostname":"DESKTOP-7N5RBNR","pid":9816,"level":20,"msg":"Generator: \u001b[35mpost\u001b[39m","time":"2016-05-29T10:36:47.579Z","v":0}
{"name":"hexo","hostname":"DESKTOP-7N5RBNR","pid":9816,"level":20,"msg":"Generator: \u001b[35mcategory\u001b[39m","time":"2016-05-29T10:36:47.579Z","v":0}
{"name":"hexo","hostname":"DESKTOP-7N5RBNR","pid":9816,"level":20,"msg":"Generator: \u001b[35marchive\u001b[39m","time":"2016-05-29T10:36:47.582Z","v":0}
{"name":"hexo","hostname":"DESKTOP-7N5RBNR","pid":9816,"level":20,"msg":"Generator: \u001b[35mindex\u001b[39m","time":"2016-05-29T10:36:47.585Z","v":0}
{"name":"hexo","hostname":"DESKTOP-7N5RBNR","pid":9816,"level":20,"msg":"Generator: \u001b[35mtag\u001b[39m","time":"2016-05-29T10:36:47.588Z","v":0}
{"name":"hexo","hostname":"DESKTOP-7N5RBNR","pid":9816,"level":20,"msg":"Generator: \u001b[35masset\u001b[39m","time":"2016-05-29T10:36:47.596Z","v":0}
{"name":"hexo","hostname":"DESKTOP-7N5RBNR","pid":9816,"level":20,"msg":"Processed: \u001b[35muploads/tuzi.jpg\u001b[39m","time":"2016-05-29T10:38:40.190Z","v":0}
{"name":"hexo","hostname":"DESKTOP-7N5RBNR","pid":9816,"level":20,"msg":"Generator: \u001b[35mpage\u001b[39m","time":"2016-05-29T10:38:40.330Z","v":0}
{"name":"hexo","hostname":"DESKTOP-7N5RBNR","pid":9816,"level":20,"msg":"Generator: \u001b[35mpost\u001b[39m","time":"2016-05-29T10:38:40.331Z","v":0}
{"name":"hexo","hostname":"DESKTOP-7N5RBNR","pid":9816,"level":20,"msg":"Generator: \u001b[35mcategory\u001b[39m","time":"2016-05-29T10:38:40.335Z","v":0}
{"name":"hexo","hostname":"DESKTOP-7N5RBNR","pid":9816,"level":20,"msg":"Generator: \u001b[35marchive\u001b[39m","time":"2016-05-29T10:38:40.338Z","v":0}
{"name":"hexo","hostname":"DESKTOP-7N5RBNR","pid":9816,"level":20,"msg":"Generator: \u001b[35mindex\u001b[39m","time":"2016-05-29T10:38:40.340Z","v":0}
{"name":"hexo","hostname":"DESKTOP-7N5RBNR","pid":9816,"level":20,"msg":"Generator: \u001b[35mtag\u001b[39m","time":"2016-05-29T10:38:40.341Z","v":0}
{"name":"hexo","hostname":"DESKTOP-7N5RBNR","pid":9816,"level":20,"msg":"Generator: \u001b[35masset\u001b[39m","time":"2016-05-29T10:38:40.348Z","v":0}
{"name":"hexo","hostname":"DESKTOP-7N5RBNR","pid":9816,"level":30,"msg":"Good bye","time":"2016-05-29T10:40:13.387Z","v":0}
{"name":"hexo","hostname":"DESKTOP-7N5RBNR","pid":9816,"level":20,"msg":"Database saved","time":"2016-05-29T10:40:13.486Z","v":0}
